2025-05-19 20:01:50,670 INFO o.a.j.u.JMeterUtils: Setting Locale to en_EN
2025-05-19 20:01:50,712 INFO o.a.j.JMeter: Loading user properties from: /opt/jmeter/bin/user.properties
2025-05-19 20:01:50,713 INFO o.a.j.JMeter: Loading system properties from: /opt/jmeter/bin/system.properties
2025-05-19 20:01:50,713 INFO o.a.j.JMeter: Setting JMeter property: jmeter.save.saveservice.output_format=csv
2025-05-19 20:01:50,714 INFO o.a.j.JMeter: Setting JMeter property: jmeter.save.saveservice.assertion_results=none
2025-05-19 20:01:50,714 INFO o.a.j.JMeter: Setting JMeter property: jmeter.save.saveservice.data_type=true
2025-05-19 20:01:50,714 INFO o.a.j.JMeter: Setting JMeter property: jmeter.save.saveservice.label=true
2025-05-19 20:01:50,714 INFO o.a.j.JMeter: Setting JMeter property: jmeter.save.saveservice.response_code=true
2025-05-19 20:01:50,714 INFO o.a.j.JMeter: Setting JMeter property: jmeter.save.saveservice.response_message=true
2025-05-19 20:01:50,714 INFO o.a.j.JMeter: Setting JMeter property: jmeter.save.saveservice.successful=true
2025-05-19 20:01:50,714 INFO o.a.j.JMeter: Setting JMeter property: jmeter.save.saveservice.thread_name=true
2025-05-19 20:01:50,714 INFO o.a.j.JMeter: Setting JMeter property: jmeter.save.saveservice.time=true
2025-05-19 20:01:50,714 INFO o.a.j.JMeter: Setting JMeter property: jmeter.save.saveservice.timestamp=true
2025-05-19 20:01:50,714 INFO o.a.j.JMeter: Setting JMeter property: jmeter.save.saveservice.bytes=true
2025-05-19 20:01:50,714 INFO o.a.j.JMeter: Setting JMeter property: jmeter.save.saveservice.sent_bytes=true
2025-05-19 20:01:50,714 INFO o.a.j.JMeter: Setting JMeter property: jmeter.save.saveservice.latency=true
2025-05-19 20:01:50,715 INFO o.a.j.JMeter: Setting JMeter property: jmeter.save.saveservice.idle_time=true
2025-05-19 20:01:50,715 INFO o.a.j.JMeter: Setting JMeter property: jmeter.save.saveservice.connect_time=true
2025-05-19 20:01:50,717 INFO o.a.j.JMeter: Copyright (c) 1998-2024 The Apache Software Foundation
2025-05-19 20:01:50,717 INFO o.a.j.JMeter: Version 5.6.3
2025-05-19 20:01:50,717 INFO o.a.j.JMeter: java.version=11.0.27
2025-05-19 20:01:50,717 INFO o.a.j.JMeter: java.vm.name=OpenJDK 64-Bit Server VM
2025-05-19 20:01:50,718 INFO o.a.j.JMeter: os.name=Linux
2025-05-19 20:01:50,718 INFO o.a.j.JMeter: os.arch=aarch64
2025-05-19 20:01:50,718 INFO o.a.j.JMeter: os.version=6.10.14-linuxkit
2025-05-19 20:01:50,718 INFO o.a.j.JMeter: file.encoding=ANSI_X3.4-1968
2025-05-19 20:01:50,718 INFO o.a.j.JMeter: java.awt.headless=true
2025-05-19 20:01:50,718 INFO o.a.j.JMeter: Max memory     =1073741824
2025-05-19 20:01:50,718 INFO o.a.j.JMeter: Available Processors =8
2025-05-19 20:01:50,723 INFO o.a.j.JMeter: Default Locale=English (EN)
2025-05-19 20:01:50,723 INFO o.a.j.JMeter: JMeter  Locale=English (EN)
2025-05-19 20:01:50,724 INFO o.a.j.JMeter: JMeterHome=/opt/jmeter
2025-05-19 20:01:50,724 INFO o.a.j.JMeter: user.dir  =/workspace
2025-05-19 20:01:50,724 INFO o.a.j.JMeter: PWD       =/workspace
2025-05-19 20:01:50,724 INFO o.a.j.JMeter: IP: 172.17.0.2 Name: bcdc78b8e751 FullName: bcdc78b8e751
2025-05-19 20:01:50,730 INFO o.a.j.s.FileServer: Default base='/workspace'
2025-05-19 20:01:50,730 INFO o.a.j.s.FileServer: Set new base='/workspace'
2025-05-19 20:01:50,810 INFO o.a.j.s.SaveService: Testplan (JMX) version: 2.2. Testlog (JTL) version: 2.2
2025-05-19 20:01:50,822 INFO o.a.j.s.SaveService: Using SaveService properties version 5.0
2025-05-19 20:01:50,823 INFO o.a.j.s.SaveService: Using SaveService properties file encoding UTF-8
2025-05-19 20:01:50,825 INFO o.a.j.s.SaveService: Loading file: test_plan.jmx
2025-05-19 20:01:50,850 INFO o.a.j.p.h.s.HTTPSamplerBase: Parser for text/html is org.apache.jmeter.protocol.http.parser.LagartoBasedHtmlParser
2025-05-19 20:01:50,850 INFO o.a.j.p.h.s.HTTPSamplerBase: Parser for application/xhtml+xml is org.apache.jmeter.protocol.http.parser.LagartoBasedHtmlParser
2025-05-19 20:01:50,850 INFO o.a.j.p.h.s.HTTPSamplerBase: Parser for application/xml is org.apache.jmeter.protocol.http.parser.LagartoBasedHtmlParser
2025-05-19 20:01:50,850 INFO o.a.j.p.h.s.HTTPSamplerBase: Parser for text/xml is org.apache.jmeter.protocol.http.parser.LagartoBasedHtmlParser
2025-05-19 20:01:50,851 INFO o.a.j.p.h.s.HTTPSamplerBase: Parser for text/vnd.wap.wml is org.apache.jmeter.protocol.http.parser.RegexpHTMLParser
2025-05-19 20:01:50,851 INFO o.a.j.p.h.s.HTTPSamplerBase: Parser for text/css is org.apache.jmeter.protocol.http.parser.CssParser
2025-05-19 20:01:50,861 INFO o.a.j.JMeter: Creating summariser <summary>
2025-05-19 20:01:50,866 INFO o.a.j.e.StandardJMeterEngine: Running the test!
2025-05-19 20:01:50,868 INFO o.a.j.s.SampleEvent: List of sample_variables: []
2025-05-19 20:01:50,868 INFO o.a.j.s.SampleEvent: List of sample_variables: []
2025-05-19 20:01:50,875 INFO o.a.j.e.u.CompoundVariable: Note: Function class names must contain the string: '.functions.'
2025-05-19 20:01:50,875 INFO o.a.j.e.u.CompoundVariable: Note: Function class names must not contain the string: '.gui.'
2025-05-19 20:01:50,997 INFO o.a.j.JMeter: Running test (1747684910997)
2025-05-19 20:01:51,021 INFO o.a.j.e.StandardJMeterEngine: Starting ThreadGroup: 1 : Thread Group
2025-05-19 20:01:51,021 INFO o.a.j.e.StandardJMeterEngine: Starting 1 threads for group Thread Group.
2025-05-19 20:01:51,021 INFO o.a.j.e.StandardJMeterEngine: Thread will continue on error
2025-05-19 20:01:51,021 INFO o.a.j.t.ThreadGroup: Starting thread group... number=1 threads=1 ramp-up=1 delayedStart=false
2025-05-19 20:01:51,023 INFO o.a.j.t.ThreadGroup: Started thread group number 1
2025-05-19 20:01:51,024 INFO o.a.j.e.StandardJMeterEngine: All thread groups have been started
2025-05-19 20:01:51,028 INFO o.a.j.t.JMeterThread: Thread started: Thread Group 1-1
2025-05-19 20:01:51,553 INFO o.a.j.p.h.s.HTTPHCAbstractImpl: Local host = bcdc78b8e751
2025-05-19 20:01:51,559 INFO o.a.j.p.h.s.HTTPHC4Impl: HTTP request retry count = 0
2025-05-19 20:01:51,560 INFO o.a.j.s.SampleResult: Note: Sample TimeStamps are START times
2025-05-19 20:01:51,560 INFO o.a.j.s.SampleResult: sampleresult.default.encoding is set to UTF-8
2025-05-19 20:01:51,561 INFO o.a.j.s.SampleResult: sampleresult.useNanoTime=true
2025-05-19 20:01:51,561 INFO o.a.j.s.SampleResult: sampleresult.nanoThreadSleep=5000
2025-05-19 20:01:51,611 INFO o.a.j.p.h.s.h.LazyLayeredConnectionSocketFactory: Setting up HTTPS TrustAll Socket Factory
2025-05-19 20:01:51,613 INFO o.a.j.u.JsseSSLManager: Using default SSL protocol: TLS
2025-05-19 20:01:51,614 INFO o.a.j.u.JsseSSLManager: SSL session context: per-thread
2025-05-19 20:01:51,682 INFO o.a.j.u.SSLManager: JmeterKeyStore Location:  type JKS
2025-05-19 20:01:51,683 INFO o.a.j.u.SSLManager: KeyStore created OK
2025-05-19 20:01:51,683 WARN o.a.j.u.SSLManager: Keystore file not found, loading empty keystore
2025-05-19 20:02:00,561 INFO o.a.j.r.Summariser: summary +     13 in 00:00:10 =    1.4/s Avg:   222 Min:   189 Max:   312 Err:     0 (0.00%) Active: 1 Started: 1 Finished: 0
2025-05-19 20:02:30,268 INFO o.a.j.r.Summariser: summary +     41 in 00:00:30 =    1.4/s Avg:   219 Min:   182 Max:   424 Err:     0 (0.00%) Active: 1 Started: 1 Finished: 0
2025-05-19 20:02:30,270 INFO o.a.j.r.Summariser: summary =     54 in 00:00:39 =    1.4/s Avg:   219 Min:   182 Max:   424 Err:     0 (0.00%)
2025-05-19 20:03:04,691 INFO o.a.j.r.Summariser: summary +     28 in 00:00:34 =    0.8/s Avg:   723 Min:   165 Max:  8453 Err:     0 (0.00%) Active: 1 Started: 1 Finished: 0
2025-05-19 20:03:04,693 INFO o.a.j.r.Summariser: summary =     82 in 00:01:14 =    1.1/s Avg:   391 Min:   165 Max:  8453 Err:     0 (0.00%)
2025-05-19 20:03:17,982 INFO o.a.j.t.JMeterThread: Thread is done: Thread Group 1-1
2025-05-19 20:03:17,983 INFO o.a.j.t.JMeterThread: Thread finished: Thread Group 1-1
2025-05-19 20:03:17,986 INFO o.a.j.e.StandardJMeterEngine: Notifying test listeners of end of test
2025-05-19 20:03:17,988 INFO o.a.j.r.Summariser: summary +     18 in 00:00:13 =    1.4/s Avg:   232 Min:   171 Max:   471 Err:     0 (0.00%) Active: 0 Started: 1 Finished: 1
2025-05-19 20:03:17,988 INFO o.a.j.r.Summariser: summary =    100 in 00:01:27 =    1.1/s Avg:   363 Min:   165 Max:  8453 Err:     0 (0.00%)
